{
  "RSpec": {
    "coverage": {
      "/Users/noahvanekdom/turing_work/3mod/projects/avalanche_dev/flakes_of_wrath_be/spec/poros/forecast_spec.rb": {
        "lines": [
          1,
          null,
          1,
          1,
          null,
          1,
          1,
          null,
          null
        ]
      },
      "/Users/noahvanekdom/turing_work/3mod/projects/avalanche_dev/flakes_of_wrath_be/spec/rails_helper.rb": {
        "lines": [
          null,
          1,
          1,
          1,
          null,
          1,
          1,
          null,
          null,
          null,
          null,
          null,
          null,
          null,
          null,
          null,
          null,
          null,
          null,
          null,
          null,
          null,
          null,
          null,
          null,
          null,
          null,
          1,
          null,
          0,
          0,
          null,
          1,
          null,
          1,
          null,
          null,
          null,
          null,
          1,
          null,
          null,
          null,
          null,
          null,
          null,
          null,
          null,
          null,
          null,
          null,
          null,
          null,
          null,
          null,
          null,
          null,
          1,
          null,
          null,
          1,
          null,
          null,
          null,
          null,
          1,
          1,
          1,
          1,
          3,
          1,
          1,
          1,
          null,
          null,
          null
        ]
      },
      "/Users/noahvanekdom/turing_work/3mod/projects/avalanche_dev/flakes_of_wrath_be/config/environment.rb": {
        "lines": [
          null,
          1,
          null,
          null,
          1
        ]
      },
      "/Users/noahvanekdom/turing_work/3mod/projects/avalanche_dev/flakes_of_wrath_be/config/application.rb": {
        "lines": [
          1,
          null,
          1,
          null,
          1,
          1,
          1,
          1,
          1,
          1,
          1,
          1,
          null,
          1,
          null,
          null,
          null,
          1,
          null,
          1,
          1,
          null,
          1,
          null,
          null,
          null,
          null,
          null,
          null,
          null,
          null,
          null,
          1,
          null,
          null
        ]
      },
      "/Users/noahvanekdom/turing_work/3mod/projects/avalanche_dev/flakes_of_wrath_be/config/boot.rb": {
        "lines": [
          1,
          null,
          1,
          1
        ]
      },
      "/Users/noahvanekdom/turing_work/3mod/projects/avalanche_dev/flakes_of_wrath_be/config/environments/test.rb": {
        "lines": [
          1,
          null,
          null,
          null,
          null,
          null,
          null,
          1,
          null,
          null,
          null,
          null,
          1,
          null,
          null,
          1,
          1,
          null,
          null,
          null,
          null,
          1,
          1,
          null,
          null,
          1,
          null,
          null,
          1,
          null,
          null,
          1,
          null,
          1,
          null,
          null,
          null,
          null,
          1,
          null,
          null,
          1,
          null,
          null,
          null,
          null
        ]
      },
      "/Users/noahvanekdom/turing_work/3mod/projects/avalanche_dev/flakes_of_wrath_be/config/initializers/application_controller_renderer.rb": {
        "lines": [
          null,
          null,
          null,
          null,
          null,
          null,
          null,
          null
        ]
      },
      "/Users/noahvanekdom/turing_work/3mod/projects/avalanche_dev/flakes_of_wrath_be/config/initializers/backtrace_silencers.rb": {
        "lines": [
          null,
          null,
          null,
          null,
          null,
          null,
          null
        ]
      },
      "/Users/noahvanekdom/turing_work/3mod/projects/avalanche_dev/flakes_of_wrath_be/config/initializers/cors.rb": {
        "lines": [
          null,
          null,
          null,
          null,
          null,
          null,
          null,
          null,
          null,
          null,
          null,
          null,
          null,
          null,
          null,
          null
        ]
      },
      "/Users/noahvanekdom/turing_work/3mod/projects/avalanche_dev/flakes_of_wrath_be/config/initializers/filter_parameter_logging.rb": {
        "lines": [
          null,
          null,
          null,
          1
        ]
      },
      "/Users/noahvanekdom/turing_work/3mod/projects/avalanche_dev/flakes_of_wrath_be/config/initializers/inflections.rb": {
        "lines": [
          null,
          null,
          null,
          null,
          null,
          null,
          null,
          null,
          null,
          null,
          null,
          null,
          null,
          null,
          null,
          null
        ]
      },
      "/Users/noahvanekdom/turing_work/3mod/projects/avalanche_dev/flakes_of_wrath_be/config/initializers/mime_types.rb": {
        "lines": [
          null,
          null,
          null,
          null
        ]
      },
      "/Users/noahvanekdom/turing_work/3mod/projects/avalanche_dev/flakes_of_wrath_be/config/initializers/wrap_parameters.rb": {
        "lines": [
          null,
          null,
          null,
          null,
          null,
          null,
          1,
          1,
          null,
          null,
          null,
          null,
          null,
          null
        ]
      },
      "/Users/noahvanekdom/turing_work/3mod/projects/avalanche_dev/flakes_of_wrath_be/config/routes.rb": {
        "lines": [
          1,
          null,
          null,
          null
        ]
      },
      "/Users/noahvanekdom/turing_work/3mod/projects/avalanche_dev/flakes_of_wrath_be/app/facades/forecast_facade.rb": {
        "lines": [
          1,
          1,
          1,
          1,
          8,
          null,
          null,
          null
        ]
      },
      "/Users/noahvanekdom/turing_work/3mod/projects/avalanche_dev/flakes_of_wrath_be/app/services/forecast_service.rb": {
        "lines": [
          1,
          1,
          1,
          1,
          null,
          null,
          null,
          1,
          1,
          1,
          null,
          null
        ]
      },
      "/Users/noahvanekdom/turing_work/3mod/projects/avalanche_dev/flakes_of_wrath_be/app/poros/forecast.rb": {
        "lines": [
          1,
          null,
          null,
          1,
          8,
          8,
          8,
          8,
          null,
          null,
          1,
          1,
          1,
          null,
          null,
          null,
          1,
          1,
          0,
          null,
          null,
          null
        ]
      }
    },
    "timestamp": 1667491121
  }
}
