{
  "RSpec": {
    "coverage": {
      "/Users/kaelinsleevi/turing/3module/group_project/flakes_of_wrath_be/spec/models/area_spec.rb": {
        "lines": [
          1,
          null,
          1,
          1,
          1,
          1,
          1,
          1,
          1,
          1,
          null,
          null,
          1,
          null,
          null,
          null,
          1,
          1,
          0,
          null,
          null,
          1,
          0,
          null,
          null,
          1,
          0,
          0,
          0,
          0,
          0,
          0,
          null,
          null,
          null
        ]
      },
      "/Users/kaelinsleevi/turing/3module/group_project/flakes_of_wrath_be/spec/rails_helper.rb": {
        "lines": [
          null,
          1,
          1,
          1,
          null,
          1,
          1,
          null,
          null,
          null,
          null,
          null,
          null,
          null,
          null,
          null,
          null,
          null,
          null,
          null,
          null,
          null,
          null,
          null,
          null,
          null,
          null,
          1,
          null,
          0,
          0,
          null,
          1,
          null,
          1,
          null,
          null,
          null,
          null,
          1,
          null,
          null,
          null,
          null,
          null,
          null,
          null,
          null,
          null,
          null,
          null,
          null,
          null,
          null,
          null,
          null,
          null,
          1,
          null,
          null,
          1,
          null,
          null,
          null,
          null,
          1,
          1,
          1,
          1,
          null,
          null
        ]
      },
      "/Users/kaelinsleevi/turing/3module/group_project/flakes_of_wrath_be/config/environment.rb": {
        "lines": [
          null,
          1,
          null,
          null,
          1
        ]
      },
      "/Users/kaelinsleevi/turing/3module/group_project/flakes_of_wrath_be/config/application.rb": {
        "lines": [
          1,
          null,
          1,
          null,
          1,
          1,
          1,
          1,
          1,
          1,
          1,
          1,
          null,
          1,
          null,
          null,
          null,
          1,
          null,
          1,
          1,
          null,
          1,
          null,
          null,
          null,
          null,
          null,
          null,
          null,
          null,
          null,
          1,
          null,
          null
        ]
      },
      "/Users/kaelinsleevi/turing/3module/group_project/flakes_of_wrath_be/config/boot.rb": {
        "lines": [
          1,
          null,
          1,
          1
        ]
      },
      "/Users/kaelinsleevi/turing/3module/group_project/flakes_of_wrath_be/config/environments/test.rb": {
        "lines": [
          1,
          null,
          null,
          null,
          null,
          null,
          null,
          1,
          null,
          null,
          null,
          null,
          1,
          null,
          null,
          1,
          1,
          null,
          null,
          null,
          null,
          1,
          1,
          null,
          null,
          1,
          null,
          null,
          1,
          null,
          null,
          1,
          null,
          1,
          null,
          null,
          null,
          null,
          1,
          null,
          null,
          1,
          null,
          null,
          null,
          null
        ]
      },
      "/Users/kaelinsleevi/turing/3module/group_project/flakes_of_wrath_be/config/initializers/application_controller_renderer.rb": {
        "lines": [
          null,
          null,
          null,
          null,
          null,
          null,
          null,
          null
        ]
      },
      "/Users/kaelinsleevi/turing/3module/group_project/flakes_of_wrath_be/config/initializers/backtrace_silencers.rb": {
        "lines": [
          null,
          null,
          null,
          null,
          null,
          null,
          null
        ]
      },
      "/Users/kaelinsleevi/turing/3module/group_project/flakes_of_wrath_be/config/initializers/cors.rb": {
        "lines": [
          null,
          null,
          null,
          null,
          null,
          null,
          null,
          null,
          null,
          null,
          null,
          null,
          null,
          null,
          null,
          null
        ]
      },
      "/Users/kaelinsleevi/turing/3module/group_project/flakes_of_wrath_be/config/initializers/filter_parameter_logging.rb": {
        "lines": [
          null,
          null,
          null,
          1
        ]
      },
      "/Users/kaelinsleevi/turing/3module/group_project/flakes_of_wrath_be/config/initializers/inflections.rb": {
        "lines": [
          null,
          null,
          null,
          null,
          null,
          null,
          null,
          null,
          null,
          null,
          null,
          null,
          null,
          null,
          null,
          null
        ]
      },
      "/Users/kaelinsleevi/turing/3module/group_project/flakes_of_wrath_be/config/initializers/mime_types.rb": {
        "lines": [
          null,
          null,
          null,
          null
        ]
      },
      "/Users/kaelinsleevi/turing/3module/group_project/flakes_of_wrath_be/config/initializers/wrap_parameters.rb": {
        "lines": [
          null,
          null,
          null,
          null,
          null,
          null,
          1,
          1,
          null,
          null,
          null,
          null,
          null,
          null
        ]
      },
      "/Users/kaelinsleevi/turing/3module/group_project/flakes_of_wrath_be/config/routes.rb": {
        "lines": [
          1,
          null,
          null
        ]
      },
      "/Users/kaelinsleevi/turing/3module/group_project/flakes_of_wrath_be/app/models/area.rb": {
        "lines": [
          1,
          1,
          null,
          1,
          null
        ]
      },
      "/Users/kaelinsleevi/turing/3module/group_project/flakes_of_wrath_be/app/models/application_record.rb": {
        "lines": [
          1,
          1,
          null
        ]
      },
      "/Users/kaelinsleevi/turing/3module/group_project/flakes_of_wrath_be/spec/models/emergency_contact_spec.rb": {
        "lines": [
          1,
          null,
          1,
          0,
          0,
          0,
          null,
          null,
          0,
          null,
          null,
          null,
          0,
          0,
          0,
          null,
          null,
          0,
          0,
          null,
          null,
          0,
          0,
          0,
          null,
          null,
          null
        ]
      },
      "/Users/kaelinsleevi/turing/3module/group_project/flakes_of_wrath_be/spec/models/trip_spec.rb": {
        "lines": [
          1,
          null,
          1,
          1,
          1,
          1,
          1,
          1,
          null,
          null,
          1,
          null,
          null,
          null,
          1,
          1,
          0,
          null,
          null,
          1,
          0,
          null,
          null,
          1,
          0,
          0,
          0,
          0,
          null,
          null,
          null
        ]
      },
      "/Users/kaelinsleevi/turing/3module/group_project/flakes_of_wrath_be/app/models/trip.rb": {
        "lines": [
          1,
          1,
          null,
          null,
          null
        ]
      }
    },
    "timestamp": 1667415856
  }
}
